<?xml version="1.0" encoding="UTF-8"?>
<!-- Generated by org.testng.reporters.JUnitReportReporter -->
<testsuite skipped="0" hostname="DESKTOP-J7QRN87" name="junit.Task5" tests="3" failures="0" timestamp="20 Apr 2021 03:27:31 GMT" time="0.393" errors="0">
  <testcase name="test3" time="0.081" classname="junit.Task5"/>
  <testcase name="test1" time="0.145" classname="junit.Task5"/>
  <testcase name="test2" time="0.167" classname="junit.Task5"/>
</testsuite> <!-- junit.Task5 -->
