<?xml version="1.0" encoding="UTF-8"?>
<!-- Generated by org.testng.reporters.JUnitReportReporter -->
<testsuite skipped="0" hostname="DESKTOP-J7QRN87" name="junit.Test4" tests="3" failures="0" timestamp="20 Apr 2021 03:20:13 GMT" time="8.628" errors="0">
  <testcase name="test3" time="8.395" classname="junit.Test4"/>
  <testcase name="test1" time="0.131" classname="junit.Test4"/>
  <testcase name="test2" time="0.102" classname="junit.Test4"/>
</testsuite> <!-- junit.Test4 -->
