<?xml version="1.0" encoding="UTF-8"?>
<!-- Generated by org.testng.reporters.JUnitReportReporter -->
<testsuite skipped="0" hostname="DESKTOP-J7QRN87" name="junit.Junitclass" tests="1" failures="0" timestamp="20 Apr 2021 03:16:32 GMT" time="0.000" errors="0">
  <testcase name="test6" time="0.000" classname="junit.Junitclass"/>
</testsuite> <!-- junit.Junitclass -->
