<?xml version="1.0" encoding="UTF-8"?>
<!-- Generated by org.testng.reporters.JUnitReportReporter -->
<testsuite skipped="0" hostname="DESKTOP-J7QRN87" name="junit.TestNG1" tests="3" failures="0" timestamp="21 Apr 2021 02:05:29 GMT" time="0.015" errors="0">
  <testcase name="test3" time="0.000" classname="junit.TestNG1"/>
  <testcase name="test1" time="0.000" classname="junit.TestNG1"/>
  <testcase name="test2" time="0.015" classname="junit.TestNG1"/>
</testsuite> <!-- junit.TestNG1 -->
